<?xml version="1.0" encoding="UTF-8"?>
<robot generator="Robot 5.0.1 (Python 3.9.13 on win32)" generated="20221228 12:19:35.020" rpa="true" schemaversion="3">
<suite id="s1" name="Tasks" source="C:\robotProject\tasks.robot">
<test id="s1-t1" name="Insert the sales data for the week and export it as a PDF" line="14">
<kw name="Create a list and append List">
<kw name="Create List" library="BuiltIn">
<var>${s}</var>
<arg>1</arg>
<arg>2</arg>
<doc>Returns a list containing given items.</doc>
<msg timestamp="20221228 12:19:37.982" level="INFO">${s} = ['1', '2']</msg>
<status status="PASS" starttime="20221228 12:19:37.980" endtime="20221228 12:19:37.983"/>
</kw>
<kw name="Append To List" library="Collections">
<arg>${s}</arg>
<arg>3</arg>
<doc>Adds ``values`` to the end of ``list``.</doc>
<status status="PASS" starttime="20221228 12:19:37.984" endtime="20221228 12:19:37.984"/>
</kw>
<kw name="Log To Console" library="BuiltIn">
<arg>${s}</arg>
<doc>Logs the given message to the console.</doc>
<status status="PASS" starttime="20221228 12:19:37.984" endtime="20221228 12:19:37.985"/>
</kw>
<status status="PASS" starttime="20221228 12:19:37.977" endtime="20221228 12:19:37.986"/>
</kw>
<kw name="Create two list and combine two List">
<kw name="Create List" library="BuiltIn">
<var>${list1}</var>
<arg>1</arg>
<arg>2</arg>
<arg>3</arg>
<doc>Returns a list containing given items.</doc>
<msg timestamp="20221228 12:19:37.988" level="INFO">${list1} = ['1', '2', '3']</msg>
<status status="PASS" starttime="20221228 12:19:37.987" endtime="20221228 12:19:37.988"/>
</kw>
<kw name="Create List" library="BuiltIn">
<var>${list2}</var>
<arg>2</arg>
<arg>3</arg>
<arg>4</arg>
<doc>Returns a list containing given items.</doc>
<msg timestamp="20221228 12:19:37.989" level="INFO">${list2} = ['2', '3', '4']</msg>
<status status="PASS" starttime="20221228 12:19:37.988" endtime="20221228 12:19:37.990"/>
</kw>
<kw name="Combine Lists" library="Collections">
<var>${combinedList}</var>
<arg>${list1}</arg>
<arg>${list2}</arg>
<doc>Combines the given ``lists`` together and returns the result.</doc>
<msg timestamp="20221228 12:19:37.991" level="INFO">${combinedList} = ['1', '2', '3', '2', '3', '4']</msg>
<status status="PASS" starttime="20221228 12:19:37.990" endtime="20221228 12:19:37.991"/>
</kw>
<kw name="Log To Console" library="BuiltIn">
<arg>${combinedList}</arg>
<doc>Logs the given message to the console.</doc>
<status status="PASS" starttime="20221228 12:19:37.991" endtime="20221228 12:19:37.994"/>
</kw>
<status status="PASS" starttime="20221228 12:19:37.986" endtime="20221228 12:19:37.994"/>
</kw>
<kw name="Copying a list">
<kw name="Create List" library="BuiltIn">
<var>${list1}</var>
<arg>1</arg>
<arg>2</arg>
<arg>3</arg>
<arg>4</arg>
<doc>Returns a list containing given items.</doc>
<msg timestamp="20221228 12:19:38.003" level="INFO">${list1} = ['1', '2', '3', '4']</msg>
<status status="PASS" starttime="20221228 12:19:38.002" endtime="20221228 12:19:38.003"/>
</kw>
<kw name="Copy List" library="Collections">
<var>${w}</var>
<arg>${list1}</arg>
<doc>Returns a copy of the given list.</doc>
<msg timestamp="20221228 12:19:38.004" level="INFO">${w} = ['1', '2', '3', '4']</msg>
<status status="PASS" starttime="20221228 12:19:38.003" endtime="20221228 12:19:38.004"/>
</kw>
<kw name="Append To List" library="Collections">
<arg>${list1}</arg>
<arg>3</arg>
<doc>Adds ``values`` to the end of ``list``.</doc>
<status status="PASS" starttime="20221228 12:19:38.004" endtime="20221228 12:19:38.005"/>
</kw>
<kw name="Log To Console" library="BuiltIn">
<arg>${w}</arg>
<doc>Logs the given message to the console.</doc>
<status status="PASS" starttime="20221228 12:19:38.005" endtime="20221228 12:19:38.008"/>
</kw>
<kw name="Log To Console" library="BuiltIn">
<arg>${list1}</arg>
<doc>Logs the given message to the console.</doc>
<status status="PASS" starttime="20221228 12:19:38.009" endtime="20221228 12:19:38.011"/>
</kw>
<status status="PASS" starttime="20221228 12:19:37.999" endtime="20221228 12:19:38.012"/>
</kw>
<kw name="Counting a value in the list">
<kw name="Create List" library="BuiltIn">
<var>${list1}</var>
<arg>1</arg>
<arg>2</arg>
<arg>3</arg>
<arg>4</arg>
<arg>3</arg>
<doc>Returns a list containing given items.</doc>
<msg timestamp="20221228 12:19:38.015" level="INFO">${list1} = ['1', '2', '3', '4', '3']</msg>
<status status="PASS" starttime="20221228 12:19:38.013" endtime="20221228 12:19:38.015"/>
</kw>
<kw name="Count Values In List" library="Collections">
<var>${countedValues}</var>
<arg>${list1}</arg>
<arg>3</arg>
<doc>Returns the number of occurrences of the given ``value`` in ``list``.</doc>
<msg timestamp="20221228 12:19:38.017" level="INFO">${countedValues} = 2</msg>
<status status="PASS" starttime="20221228 12:19:38.016" endtime="20221228 12:19:38.017"/>
</kw>
<kw name="Log To Console" library="BuiltIn">
<arg>${countedValues}</arg>
<doc>Logs the given message to the console.</doc>
<status status="PASS" starttime="20221228 12:19:38.019" endtime="20221228 12:19:38.020"/>
</kw>
<status status="PASS" starttime="20221228 12:19:38.012" endtime="20221228 12:19:38.021"/>
</kw>
<kw name="Get Values form list">
<kw name="Create List" library="BuiltIn">
<var>${list1}</var>
<arg>1</arg>
<arg>2</arg>
<arg>3</arg>
<arg>4</arg>
<arg>3</arg>
<doc>Returns a list containing given items.</doc>
<msg timestamp="20221228 12:19:38.026" level="INFO">${list1} = ['1', '2', '3', '4', '3']</msg>
<status status="PASS" starttime="20221228 12:19:38.025" endtime="20221228 12:19:38.026"/>
</kw>
<kw name="Get From List" library="Collections">
<var>${x}</var>
<arg>${list1}</arg>
<arg>2</arg>
<doc>Returns the value specified with an ``index`` from ``list``.</doc>
<msg timestamp="20221228 12:19:38.027" level="INFO">${x} = 3</msg>
<status status="PASS" starttime="20221228 12:19:38.026" endtime="20221228 12:19:38.027"/>
</kw>
<kw name="Log To Console" library="BuiltIn">
<arg>${x}</arg>
<doc>Logs the given message to the console.</doc>
<status status="PASS" starttime="20221228 12:19:38.027" endtime="20221228 12:19:38.029"/>
</kw>
<status status="PASS" starttime="20221228 12:19:38.023" endtime="20221228 12:19:38.029"/>
</kw>
<kw name="Get Index value From List">
<kw name="Create List" library="BuiltIn">
<var>${list1}</var>
<arg>1</arg>
<arg>2</arg>
<arg>3</arg>
<arg>4</arg>
<doc>Returns a list containing given items.</doc>
<msg timestamp="20221228 12:19:38.036" level="INFO">${list1} = ['1', '2', '3', '4']</msg>
<status status="PASS" starttime="20221228 12:19:38.036" endtime="20221228 12:19:38.037"/>
</kw>
<kw name="Get Index From List" library="Collections">
<var>${x}</var>
<arg>${list1}</arg>
<arg>2</arg>
<doc>Returns the index of the first occurrence of the ``value`` on the list.</doc>
<msg timestamp="20221228 12:19:38.037" level="INFO">${x} = 1</msg>
<status status="PASS" starttime="20221228 12:19:38.037" endtime="20221228 12:19:38.038"/>
</kw>
<kw name="Log To Console" library="BuiltIn">
<arg>${x}</arg>
<doc>Logs the given message to the console.</doc>
<status status="PASS" starttime="20221228 12:19:38.038" endtime="20221228 12:19:38.042"/>
</kw>
<status status="PASS" starttime="20221228 12:19:38.033" endtime="20221228 12:19:38.043"/>
</kw>
<kw name="Slice the list">
<kw name="Create List" library="BuiltIn">
<var>${list1}</var>
<arg>1</arg>
<arg>2</arg>
<arg>3</arg>
<arg>4</arg>
<doc>Returns a list containing given items.</doc>
<msg timestamp="20221228 12:19:38.046" level="INFO">${list1} = ['1', '2', '3', '4']</msg>
<status status="PASS" starttime="20221228 12:19:38.045" endtime="20221228 12:19:38.046"/>
</kw>
<kw name="Get Slice From List" library="Collections">
<var>${X}</var>
<arg>${list1}</arg>
<arg>1</arg>
<arg>3</arg>
<doc>Returns a slice of the given list between ``start`` and ``end`` indexes.</doc>
<msg timestamp="20221228 12:19:38.047" level="INFO">${X} = ['2', '3']</msg>
<status status="PASS" starttime="20221228 12:19:38.046" endtime="20221228 12:19:38.048"/>
</kw>
<kw name="Log To Console" library="BuiltIn">
<arg>${x}</arg>
<doc>Logs the given message to the console.</doc>
<status status="PASS" starttime="20221228 12:19:38.049" endtime="20221228 12:19:38.052"/>
</kw>
<status status="PASS" starttime="20221228 12:19:38.044" endtime="20221228 12:19:38.054"/>
</kw>
<kw name="Insert a value to the list">
<kw name="Create List" library="BuiltIn">
<var>${list1}</var>
<arg>1</arg>
<arg>2</arg>
<arg>3</arg>
<arg>4</arg>
<doc>Returns a list containing given items.</doc>
<msg timestamp="20221228 12:19:38.059" level="INFO">${list1} = ['1', '2', '3', '4']</msg>
<status status="PASS" starttime="20221228 12:19:38.058" endtime="20221228 12:19:38.059"/>
</kw>
<kw name="Insert Into List" library="Collections">
<arg>${list1}</arg>
<arg>0</arg>
<arg>xxx</arg>
<doc>Inserts ``value`` into ``list`` to the position specified with ``index``.</doc>
<status status="PASS" starttime="20221228 12:19:38.060" endtime="20221228 12:19:38.061"/>
</kw>
<kw name="Log To Console" library="BuiltIn">
<arg>${list1}</arg>
<doc>Logs the given message to the console.</doc>
<status status="PASS" starttime="20221228 12:19:38.061" endtime="20221228 12:19:38.063"/>
</kw>
<status status="PASS" starttime="20221228 12:19:38.058" endtime="20221228 12:19:38.063"/>
</kw>
<kw name="Remove all the duplicates in a list">
<kw name="Create List" library="BuiltIn">
<var>${list1}</var>
<arg>1</arg>
<arg>2</arg>
<arg>3</arg>
<arg>4</arg>
<arg>2</arg>
<doc>Returns a list containing given items.</doc>
<msg timestamp="20221228 12:19:38.071" level="INFO">${list1} = ['1', '2', '3', '4', '2']</msg>
<status status="PASS" starttime="20221228 12:19:38.070" endtime="20221228 12:19:38.071"/>
</kw>
<kw name="Create List" library="BuiltIn">
<var>${list2}</var>
<arg>2</arg>
<arg>3</arg>
<doc>Returns a list containing given items.</doc>
<msg timestamp="20221228 12:19:38.074" level="INFO">${list2} = ['2', '3']</msg>
<status status="PASS" starttime="20221228 12:19:38.072" endtime="20221228 12:19:38.074"/>
</kw>
<kw name="Remove Duplicates" library="Collections">
<var>${check}</var>
<arg>${list1}</arg>
<doc>Returns a list without duplicates based on the given ``list``.</doc>
<msg timestamp="20221228 12:19:38.076" level="INFO">1 duplicate removed.</msg>
<msg timestamp="20221228 12:19:38.076" level="INFO">${check} = ['1', '2', '3', '4']</msg>
<status status="PASS" starttime="20221228 12:19:38.075" endtime="20221228 12:19:38.077"/>
</kw>
<kw name="Log To Console" library="BuiltIn">
<arg>${list1}</arg>
<doc>Logs the given message to the console.</doc>
<status status="PASS" starttime="20221228 12:19:38.077" endtime="20221228 12:19:38.082"/>
</kw>
<kw name="Log To Console" library="BuiltIn">
<arg>${check}</arg>
<doc>Logs the given message to the console.</doc>
<status status="PASS" starttime="20221228 12:19:38.083" endtime="20221228 12:19:38.087"/>
</kw>
<status status="PASS" starttime="20221228 12:19:38.066" endtime="20221228 12:19:38.088"/>
</kw>
<kw name="Removing a single value from the list">
<kw name="Create List" library="BuiltIn">
<var>${list1}</var>
<arg>1</arg>
<arg>2</arg>
<arg>3</arg>
<arg>4</arg>
<arg>2</arg>
<doc>Returns a list containing given items.</doc>
<msg timestamp="20221228 12:19:38.094" level="INFO">${list1} = ['1', '2', '3', '4', '2']</msg>
<status status="PASS" starttime="20221228 12:19:38.093" endtime="20221228 12:19:38.094"/>
</kw>
<kw name="Remove From List" library="Collections">
<var>${x}</var>
<arg>${list1}</arg>
<arg>3</arg>
<doc>Removes and returns the value specified with an ``index`` from ``list``.</doc>
<msg timestamp="20221228 12:19:38.095" level="INFO">${x} = 4</msg>
<status status="PASS" starttime="20221228 12:19:38.094" endtime="20221228 12:19:38.096"/>
</kw>
<kw name="Log To Console" library="BuiltIn">
<arg>${x}</arg>
<doc>Logs the given message to the console.</doc>
<status status="PASS" starttime="20221228 12:19:38.096" endtime="20221228 12:19:38.103"/>
</kw>
<kw name="Log To Console" library="BuiltIn">
<arg>${list1}</arg>
<doc>Logs the given message to the console.</doc>
<status status="PASS" starttime="20221228 12:19:38.104" endtime="20221228 12:19:38.107"/>
</kw>
<status status="PASS" starttime="20221228 12:19:38.092" endtime="20221228 12:19:38.108"/>
</kw>
<kw name="Removing multiple values from the given list">
<kw name="Create List" library="BuiltIn">
<var>${list1}</var>
<arg>1</arg>
<arg>2</arg>
<arg>3</arg>
<arg>4</arg>
<arg>2</arg>
<doc>Returns a list containing given items.</doc>
<msg timestamp="20221228 12:19:38.111" level="INFO">${list1} = ['1', '2', '3', '4', '2']</msg>
<status status="PASS" starttime="20221228 12:19:38.110" endtime="20221228 12:19:38.111"/>
</kw>
<kw name="Remove Values From List" library="Collections">
<arg>${list1}</arg>
<arg>1</arg>
<arg>2</arg>
<doc>Removes all occurrences of given ``values`` from ``list``.</doc>
<status status="PASS" starttime="20221228 12:19:38.112" endtime="20221228 12:19:38.114"/>
</kw>
<kw name="Log To Console" library="BuiltIn">
<arg>${list1}</arg>
<doc>Logs the given message to the console.</doc>
<status status="PASS" starttime="20221228 12:19:38.115" endtime="20221228 12:19:38.120"/>
</kw>
<status status="PASS" starttime="20221228 12:19:38.109" endtime="20221228 12:19:38.121"/>
</kw>
<kw name="Reversing a list">
<kw name="Create List" library="BuiltIn">
<var>${list1}</var>
<arg>1</arg>
<arg>2</arg>
<arg>3</arg>
<arg>4</arg>
<arg>2</arg>
<doc>Returns a list containing given items.</doc>
<msg timestamp="20221228 12:19:38.127" level="INFO">${list1} = ['1', '2', '3', '4', '2']</msg>
<status status="PASS" starttime="20221228 12:19:38.126" endtime="20221228 12:19:38.127"/>
</kw>
<kw name="Reverse List" library="Collections">
<arg>${list1}</arg>
<doc>Reverses the given list in place.</doc>
<status status="PASS" starttime="20221228 12:19:38.128" endtime="20221228 12:19:38.129"/>
</kw>
<kw name="Log To Console" library="BuiltIn">
<arg>${list1}</arg>
<doc>Logs the given message to the console.</doc>
<status status="PASS" starttime="20221228 12:19:38.130" endtime="20221228 12:19:38.133"/>
</kw>
<status status="PASS" starttime="20221228 12:19:38.124" endtime="20221228 12:19:38.135"/>
</kw>
<kw name="Replacing a value in the list">
<kw name="Create List" library="BuiltIn">
<var>${list1}</var>
<arg>1</arg>
<arg>2</arg>
<arg>3</arg>
<arg>4</arg>
<arg>2</arg>
<doc>Returns a list containing given items.</doc>
<msg timestamp="20221228 12:19:38.138" level="INFO">${list1} = ['1', '2', '3', '4', '2']</msg>
<status status="PASS" starttime="20221228 12:19:38.138" endtime="20221228 12:19:38.139"/>
</kw>
<kw name="Set List Value" library="Collections">
<arg>${list1}</arg>
<arg>1</arg>
<arg>xxx</arg>
<doc>Sets the value of ``list`` specified by ``index`` to the given ``value``.</doc>
<status status="PASS" starttime="20221228 12:19:38.139" endtime="20221228 12:19:38.141"/>
</kw>
<kw name="Log To Console" library="BuiltIn">
<arg>${list1}</arg>
<doc>Logs the given message to the console.</doc>
<status status="PASS" starttime="20221228 12:19:38.142" endtime="20221228 12:19:38.143"/>
</kw>
<status status="PASS" starttime="20221228 12:19:38.136" endtime="20221228 12:19:38.144"/>
</kw>
<kw name="Sorting the given List">
<kw name="Create List" library="BuiltIn">
<var>${list1}</var>
<arg>1</arg>
<arg>2</arg>
<arg>3</arg>
<arg>4</arg>
<arg>2</arg>
<doc>Returns a list containing given items.</doc>
<msg timestamp="20221228 12:19:38.146" level="INFO">${list1} = ['1', '2', '3', '4', '2']</msg>
<status status="PASS" starttime="20221228 12:19:38.145" endtime="20221228 12:19:38.146"/>
</kw>
<kw name="Sort List" library="Collections">
<arg>${list1}</arg>
<doc>Sorts the given list in place.</doc>
<status status="PASS" starttime="20221228 12:19:38.147" endtime="20221228 12:19:38.148"/>
</kw>
<kw name="Log To Console" library="BuiltIn">
<arg>${list1}</arg>
<doc>Logs the given message to the console.</doc>
<status status="PASS" starttime="20221228 12:19:38.148" endtime="20221228 12:19:38.153"/>
</kw>
<status status="PASS" starttime="20221228 12:19:38.145" endtime="20221228 12:19:38.154"/>
</kw>
<status status="PASS" starttime="20221228 12:19:37.975" endtime="20221228 12:19:38.155"/>
</test>
<doc>Insert the sales data for the week and export it as a PDF.</doc>
<status status="PASS" starttime="20221228 12:19:35.024" endtime="20221228 12:19:38.162"/>
</suite>
<statistics>
<total>
<stat pass="1" fail="0" skip="0">All Tasks</stat>
</total>
<tag>
</tag>
<suite>
<stat pass="1" fail="0" skip="0" id="s1" name="Tasks">Tasks</stat>
</suite>
</statistics>
<errors>
<msg timestamp="20221228 12:19:37.963" level="ERROR">Error in file 'C:\robotProject\tasks.robot' on line 9: Error in file 'C:\robotProject\.history\tasks_20221227123022.robot' on line 10: Resource file with 'Tasks' section is invalid.</msg>
<msg timestamp="20221228 12:19:37.971" level="ERROR">Error in file 'C:\robotProject\tasks.robot' on line 10: Error in file 'C:\robotProject\.history\tasks_20221228111914.robot' on line 15: Resource file with 'Tasks' section is invalid.</msg>
</errors>
</robot>
